<?xml version="1.0" encoding="UTF-8"?>
<testsuite name="Cucumber" time="6.033" tests="1" skipped="0" failures="0" errors="0" timestamp="2025-06-04T21:58:14.156350374Z">
<testcase classname="User profile, register and login" name="Test if user can log-in" time="3.963">
<system-out><![CDATA[
Given an account with email "test@example.com" and password "password"......passed
And the user is on the login page...........................................passed
When the user enters the email "test@example.com" and password "password"...passed
And the user clicks on the login button.....................................passed
Then the user should be redirected to the homepage..........................passed
]]></system-out>
</testcase>
</testsuite>
