<?xml version="1.0" encoding="UTF-8"?>
<testsuite name="Cucumber" time="0.039" tests="0" skipped="0" failures="0" errors="0" timestamp="2025-06-04T22:48:43.621639995Z">
</testsuite>
